<?xml version="1.0" encoding="UTF-8"?>
<!-- Generated by org.testng.reporters.JUnitXMLReporter -->
<testsuite hostname="DESKTOP-DL8U1DL" ignored="0" name="Dolibar App Test Cases" tests="15" failures="0" timestamp="08 Mar 2018 14:46:31 GMT" time="223.394" errors="0">
  <testcase name="loginPageLogo" time="0.068" classname="com.dolibar.Testcases.LoginPageTest"/>
  <testcase name="homePageTitleTest" time="0.042" classname="com.dolibar.Testcases.DolibarHomePageTest"/>
  <testcase name="LoginTest" time="7.203" classname="com.dolibar.Testcases.LoginPageTest"/>
  <testcase name="homePagelinkTest" time="0.071" classname="com.dolibar.Testcases.DolibarHomePageTest"/>
  <testcase name="ThirdPartiesPageTest" time="1.236" classname="com.dolibar.Testcases.DolibarHomePageTest"/>
  <testcase name="CommercialPageTest" time="1.402" classname="com.dolibar.Testcases.DolibarHomePageTest"/>
  <testcase name="DocumentsPageTest" time="2.743" classname="com.dolibar.Testcases.DolibarHomePageTest"/>
  <testcase name="FinancialPageTest" time="0.996" classname="com.dolibar.Testcases.DolibarHomePageTest"/>
  <testcase name="AgendaPageTest" time="1.26" classname="com.dolibar.Testcases.DolibarHomePageTest"/>
  <testcase name="BankCashPageTest" time="1.253" classname="com.dolibar.Testcases.DolibarHomePageTest"/>
  <testcase name="HolidaysPageTest" time="1.291" classname="com.dolibar.Testcases.DolibarHomePageTest"/>
  <testcase name="MembersPageTest" time="0.488" classname="com.dolibar.Testcases.DolibarHomePageTest"/>
  <testcase name="PointOfSalePageTest" time="0.207" classname="com.dolibar.Testcases.DolibarHomePageTest"/>
  <testcase name="ProductServicesPageTest" time="0.539" classname="com.dolibar.Testcases.DolibarHomePageTest"/>
  <testcase name="ProjectsPageTest" time="0.674" classname="com.dolibar.Testcases.DolibarHomePageTest"/>
</testsuite> <!-- Dolibar App Test Cases -->
